* using log directory ‘/Users/dmarcous/gDrive/git/deepboost/deepboost.Rcheck’
* using R version 3.2.3 (2015-12-10)
* using platform: x86_64-apple-darwin13.4.0 (64-bit)
* using session charset: UTF-8
* using options ‘--no-manual --no-build-vignettes --as-cran’
* checking for file ‘deepboost/DESCRIPTION’ ... OK
* checking extension type ... Package
* this is package ‘deepboost’ version ‘0.1’
* checking package namespace information ... OK
* checking package dependencies ... OK
* checking if this is a source package ... OK
* checking if there is a namespace ... OK
* checking for executable files ... OK
* checking for hidden files and directories ... OK
* checking for portable file names ... OK
* checking for sufficient/correct file permissions ... OK
* checking whether package ‘deepboost’ can be installed ... ERROR
Installation failed.
See ‘/Users/dmarcous/gDrive/git/deepboost/deepboost.Rcheck/00install.out’ for details.
* DONE
Status: 1 ERROR
